Analysis & Synthesis report for AvalonMM_hyperRamS27KL0641_interface
Sat Apr  8 20:11:53 2023
Quartus Prime Version 22.1std.1 Build 917 02/14/2023 SC Lite Edition


---------------------
; Table of Contents ;
---------------------
  1. Legal Notice
  2. Analysis & Synthesis Summary
  3. Analysis & Synthesis Settings
  4. Parallel Compilation
  5. Analysis & Synthesis Source Files Read
  6. Analysis & Synthesis Resource Usage Summary
  7. Analysis & Synthesis Resource Utilization by Entity
  8. State Machine - |AvalonMM_hyperRamS27KL0641_interface|AvalonMM_hyperRamS27KL0641_interface_controlUnit:cu|present_state
  9. General Register Statistics
 10. Multiplexer Restructuring Statistics (Restructuring Performed)
 11. Parameter Settings for User Entity Instance: reg:address_register
 12. Parameter Settings for User Entity Instance: reg:data_register
 13. Parameter Settings for User Entity Instance: mux_2to1:data_mux
 14. Parameter Settings for User Entity Instance: ssram32:memory
 15. Post-Synthesis Netlist Statistics for Top Partition
 16. Elapsed Time Per Partition
 17. Analysis & Synthesis Messages



----------------
; Legal Notice ;
----------------
Copyright (C) 2023  Intel Corporation. All rights reserved.
Your use of Intel Corporation's design tools, logic functions 
and other software and tools, and any partner logic 
functions, and any output files from any of the foregoing 
(including device programming or simulation files), and any 
associated documentation or information are expressly subject 
to the terms and conditions of the Intel Program License 
Subscription Agreement, the Intel Quartus Prime License Agreement,
the Intel FPGA IP License Agreement, or other applicable license
agreement, including, without limitation, that your use is for
the sole purpose of programming logic devices manufactured by
Intel and sold by Intel or its authorized distributors.  Please
refer to the applicable agreement for further details, at
https://fpgasoftware.intel.com/eula.



+-------------------------------------------------------------------------------------+
; Analysis & Synthesis Summary                                                        ;
+------------------------------------+------------------------------------------------+
; Analysis & Synthesis Status        ; Successful - Sat Apr  8 20:11:52 2023          ;
; Quartus Prime Version              ; 22.1std.1 Build 917 02/14/2023 SC Lite Edition ;
; Revision Name                      ; AvalonMM_hyperRamS27KL0641_interface           ;
; Top-level Entity Name              ; AvalonMM_hyperRamS27KL0641_interface           ;
; Family                             ; Cyclone 10 LP                                  ;
; Total logic elements               ; 7,132                                          ;
;     Total combinational functions  ; 3,050                                          ;
;     Dedicated logic registers      ; 4,144                                          ;
; Total registers                    ; 4144                                           ;
; Total pins                         ; 81                                             ;
; Total virtual pins                 ; 0                                              ;
; Total memory bits                  ; 0                                              ;
; Embedded Multiplier 9-bit elements ; 0                                              ;
; Total PLLs                         ; 0                                              ;
+------------------------------------+------------------------------------------------+


+------------------------------------------------------------------------------------------------------------------------------------------------+
; Analysis & Synthesis Settings                                                                                                                  ;
+------------------------------------------------------------------+--------------------------------------+--------------------------------------+
; Option                                                           ; Setting                              ; Default Value                        ;
+------------------------------------------------------------------+--------------------------------------+--------------------------------------+
; Device                                                           ; 10CL025YE144C8G                      ;                                      ;
; Top-level entity name                                            ; AvalonMM_hyperRamS27KL0641_interface ; AvalonMM_hyperRamS27KL0641_interface ;
; Family name                                                      ; Cyclone 10 LP                        ; Cyclone V                            ;
; Use smart compilation                                            ; Off                                  ; Off                                  ;
; Enable parallel Assembler and Timing Analyzer during compilation ; On                                   ; On                                   ;
; Enable compact report table                                      ; Off                                  ; Off                                  ;
; Restructure Multiplexers                                         ; Auto                                 ; Auto                                 ;
; Create Debugging Nodes for IP Cores                              ; Off                                  ; Off                                  ;
; Preserve fewer node names                                        ; On                                   ; On                                   ;
; Intel FPGA IP Evaluation Mode                                    ; Enable                               ; Enable                               ;
; Verilog Version                                                  ; Verilog_2001                         ; Verilog_2001                         ;
; VHDL Version                                                     ; VHDL_1993                            ; VHDL_1993                            ;
; State Machine Processing                                         ; Auto                                 ; Auto                                 ;
; Safe State Machine                                               ; Off                                  ; Off                                  ;
; Extract Verilog State Machines                                   ; On                                   ; On                                   ;
; Extract VHDL State Machines                                      ; On                                   ; On                                   ;
; Ignore Verilog initial constructs                                ; Off                                  ; Off                                  ;
; Iteration limit for constant Verilog loops                       ; 5000                                 ; 5000                                 ;
; Iteration limit for non-constant Verilog loops                   ; 250                                  ; 250                                  ;
; Add Pass-Through Logic to Inferred RAMs                          ; On                                   ; On                                   ;
; Infer RAMs from Raw Logic                                        ; On                                   ; On                                   ;
; Parallel Synthesis                                               ; On                                   ; On                                   ;
; DSP Block Balancing                                              ; Auto                                 ; Auto                                 ;
; NOT Gate Push-Back                                               ; On                                   ; On                                   ;
; Power-Up Don't Care                                              ; On                                   ; On                                   ;
; Remove Redundant Logic Cells                                     ; Off                                  ; Off                                  ;
; Remove Duplicate Registers                                       ; On                                   ; On                                   ;
; Ignore CARRY Buffers                                             ; Off                                  ; Off                                  ;
; Ignore CASCADE Buffers                                           ; Off                                  ; Off                                  ;
; Ignore GLOBAL Buffers                                            ; Off                                  ; Off                                  ;
; Ignore ROW GLOBAL Buffers                                        ; Off                                  ; Off                                  ;
; Ignore LCELL Buffers                                             ; Off                                  ; Off                                  ;
; Ignore SOFT Buffers                                              ; On                                   ; On                                   ;
; Limit AHDL Integers to 32 Bits                                   ; Off                                  ; Off                                  ;
; Optimization Technique                                           ; Balanced                             ; Balanced                             ;
; Carry Chain Length                                               ; 70                                   ; 70                                   ;
; Auto Carry Chains                                                ; On                                   ; On                                   ;
; Auto Open-Drain Pins                                             ; On                                   ; On                                   ;
; Perform WYSIWYG Primitive Resynthesis                            ; Off                                  ; Off                                  ;
; Auto ROM Replacement                                             ; On                                   ; On                                   ;
; Auto RAM Replacement                                             ; On                                   ; On                                   ;
; Auto DSP Block Replacement                                       ; On                                   ; On                                   ;
; Auto Shift Register Replacement                                  ; Auto                                 ; Auto                                 ;
; Allow Shift Register Merging across Hierarchies                  ; Auto                                 ; Auto                                 ;
; Auto Clock Enable Replacement                                    ; On                                   ; On                                   ;
; Strict RAM Replacement                                           ; Off                                  ; Off                                  ;
; Allow Synchronous Control Signals                                ; On                                   ; On                                   ;
; Force Use of Synchronous Clear Signals                           ; Off                                  ; Off                                  ;
; Auto RAM Block Balancing                                         ; On                                   ; On                                   ;
; Auto RAM to Logic Cell Conversion                                ; Off                                  ; Off                                  ;
; Auto Resource Sharing                                            ; Off                                  ; Off                                  ;
; Allow Any RAM Size For Recognition                               ; Off                                  ; Off                                  ;
; Allow Any ROM Size For Recognition                               ; Off                                  ; Off                                  ;
; Allow Any Shift Register Size For Recognition                    ; Off                                  ; Off                                  ;
; Use LogicLock Constraints during Resource Balancing              ; On                                   ; On                                   ;
; Ignore translate_off and synthesis_off directives                ; Off                                  ; Off                                  ;
; Timing-Driven Synthesis                                          ; On                                   ; On                                   ;
; Report Parameter Settings                                        ; On                                   ; On                                   ;
; Report Source Assignments                                        ; On                                   ; On                                   ;
; Report Connectivity Checks                                       ; On                                   ; On                                   ;
; Ignore Maximum Fan-Out Assignments                               ; Off                                  ; Off                                  ;
; Synchronization Register Chain Length                            ; 2                                    ; 2                                    ;
; Power Optimization During Synthesis                              ; Normal compilation                   ; Normal compilation                   ;
; HDL message level                                                ; Level2                               ; Level2                               ;
; Suppress Register Optimization Related Messages                  ; Off                                  ; Off                                  ;
; Number of Removed Registers Reported in Synthesis Report         ; 5000                                 ; 5000                                 ;
; Number of Swept Nodes Reported in Synthesis Report               ; 5000                                 ; 5000                                 ;
; Number of Inverted Registers Reported in Synthesis Report        ; 100                                  ; 100                                  ;
; Clock MUX Protection                                             ; On                                   ; On                                   ;
; Auto Gated Clock Conversion                                      ; Off                                  ; Off                                  ;
; Block Design Naming                                              ; Auto                                 ; Auto                                 ;
; SDC constraint protection                                        ; Off                                  ; Off                                  ;
; Synthesis Effort                                                 ; Auto                                 ; Auto                                 ;
; Shift Register Replacement - Allow Asynchronous Clear Signal     ; On                                   ; On                                   ;
; Pre-Mapping Resynthesis Optimization                             ; Off                                  ; Off                                  ;
; Analysis & Synthesis Message Level                               ; Medium                               ; Medium                               ;
; Disable Register Merging Across Hierarchies                      ; Auto                                 ; Auto                                 ;
; Resource Aware Inference For Block RAM                           ; On                                   ; On                                   ;
+------------------------------------------------------------------+--------------------------------------+--------------------------------------+


+------------------------------------------+
; Parallel Compilation                     ;
+----------------------------+-------------+
; Processors                 ; Number      ;
+----------------------------+-------------+
; Number detected on machine ; 4           ;
; Maximum allowed            ; 2           ;
;                            ;             ;
; Average used               ; 1.01        ;
; Maximum used               ; 2           ;
;                            ;             ;
; Usage by Processor         ; % Time Used ;
;     Processor 1            ; 100.0%      ;
;     Processor 2            ;   1.4%      ;
+----------------------------+-------------+


+-------------------------------------------------------------------------------------------------------------------------------------------------------------------------------------------------------------------------+
; Analysis & Synthesis Source Files Read                                                                                                                                                                                  ;
+----------------------------------------------------------+-----------------+-----------------+----------------------------------------------------------------------------------------------------------------+---------+
; File Name with User-Entered Path                         ; Used in Netlist ; File Type       ; File Name with Absolute Path                                                                                   ; Library ;
+----------------------------------------------------------+-----------------+-----------------+----------------------------------------------------------------------------------------------------------------+---------+
; src/ssram32.vhd                                          ; yes             ; User VHDL File  ; /home/andrea/Documents/Tesi_287628/avs_hbus_interface/src/ssram32.vhd                                          ;         ;
; src/AvalonMM_hyperRamS27KLO641_interface_controlUnit.vhd ; yes             ; User VHDL File  ; /home/andrea/Documents/Tesi_287628/avs_hbus_interface/src/AvalonMM_hyperRamS27KLO641_interface_controlUnit.vhd ;         ;
; src/reg.vhd                                              ; yes             ; User VHDL File  ; /home/andrea/Documents/Tesi_287628/avs_hbus_interface/src/reg.vhd                                              ;         ;
; src/mux_2to1.vhd                                         ; yes             ; User VHDL File  ; /home/andrea/Documents/Tesi_287628/avs_hbus_interface/src/mux_2to1.vhd                                         ;         ;
; src/AvalonMM_hyperRamS27KL0641_interface.vhd             ; yes             ; User VHDL File  ; /home/andrea/Documents/Tesi_287628/avs_hbus_interface/src/AvalonMM_hyperRamS27KL0641_interface.vhd             ;         ;
+----------------------------------------------------------+-----------------+-----------------+----------------------------------------------------------------------------------------------------------------+---------+


+---------------------------------------------------------------+
; Analysis & Synthesis Resource Usage Summary                   ;
+---------------------------------------------+-----------------+
; Resource                                    ; Usage           ;
+---------------------------------------------+-----------------+
; Estimated Total logic elements              ; 7,132           ;
;                                             ;                 ;
; Total combinational functions               ; 3050            ;
; Logic element usage by number of LUT inputs ;                 ;
;     -- 4 input functions                    ; 3002            ;
;     -- 3 input functions                    ; 21              ;
;     -- <=2 input functions                  ; 27              ;
;                                             ;                 ;
; Logic elements by mode                      ;                 ;
;     -- normal mode                          ; 3050            ;
;     -- arithmetic mode                      ; 0               ;
;                                             ;                 ;
; Total registers                             ; 4144            ;
;     -- Dedicated logic registers            ; 4144            ;
;     -- I/O registers                        ; 0               ;
;                                             ;                 ;
; I/O pins                                    ; 81              ;
;                                             ;                 ;
; Embedded Multiplier 9-bit elements          ; 0               ;
;                                             ;                 ;
; Maximum fan-out node                        ; clock_clk~input ;
; Maximum fan-out                             ; 4145            ;
; Total fan-out                               ; 24681           ;
; Average fan-out                             ; 3.35            ;
+---------------------------------------------+-----------------+


+---------------------------------------------------------------------------------------------------------------------------------------------------------------------------------------------------------------------------------------------------------------------------------------------------------------------------------------------------+
; Analysis & Synthesis Resource Utilization by Entity                                                                                                                                                                                                                                                                                               ;
+----------------------------------------------------------+---------------------+---------------------------+-------------+--------------+---------+-----------+------+--------------+-------------------------------------------------------------------------------------------+--------------------------------------------------+--------------+
; Compilation Hierarchy Node                               ; Combinational ALUTs ; Dedicated Logic Registers ; Memory Bits ; DSP Elements ; DSP 9x9 ; DSP 18x18 ; Pins ; Virtual Pins ; Full Hierarchy Name                                                                       ; Entity Name                                      ; Library Name ;
+----------------------------------------------------------+---------------------+---------------------------+-------------+--------------+---------+-----------+------+--------------+-------------------------------------------------------------------------------------------+--------------------------------------------------+--------------+
; |AvalonMM_hyperRamS27KL0641_interface                    ; 3050 (0)            ; 4144 (0)                  ; 0           ; 0            ; 0       ; 0         ; 81   ; 0            ; |AvalonMM_hyperRamS27KL0641_interface                                                     ; AvalonMM_hyperRamS27KL0641_interface             ; work         ;
;    |AvalonMM_hyperRamS27KL0641_interface_controlUnit:cu| ; 9 (9)               ; 7 (7)                     ; 0           ; 0            ; 0       ; 0         ; 0    ; 0            ; |AvalonMM_hyperRamS27KL0641_interface|AvalonMM_hyperRamS27KL0641_interface_controlUnit:cu ; AvalonMM_hyperRamS27KL0641_interface_controlUnit ; work         ;
;    |reg:address_register|                                ; 8 (8)               ; 8 (8)                     ; 0           ; 0            ; 0       ; 0         ; 0    ; 0            ; |AvalonMM_hyperRamS27KL0641_interface|reg:address_register                                ; reg                                              ; work         ;
;    |reg:data_register|                                   ; 17 (17)             ; 16 (16)                   ; 0           ; 0            ; 0       ; 0         ; 0    ; 0            ; |AvalonMM_hyperRamS27KL0641_interface|reg:data_register                                   ; reg                                              ; work         ;
;    |ssram32:memory|                                      ; 3016 (3016)         ; 4113 (4113)               ; 0           ; 0            ; 0       ; 0         ; 0    ; 0            ; |AvalonMM_hyperRamS27KL0641_interface|ssram32:memory                                      ; ssram32                                          ; work         ;
+----------------------------------------------------------+---------------------+---------------------------+-------------+--------------+---------+-----------+------+--------------+-------------------------------------------------------------------------------------------+--------------------------------------------------+--------------+
Note: For table entries with two numbers listed, the numbers in parentheses indicate the number of resources of the given type used by the specific entity alone. The numbers listed outside of parentheses indicate the total resources of the given type used by the specific entity and all of its sub-entities in the hierarchy.


Encoding Type:  One-Hot
+----------------------------------------------------------------------------------------------------------------------------------------------------------------------------------------------------------------+
; State Machine - |AvalonMM_hyperRamS27KL0641_interface|AvalonMM_hyperRamS27KL0641_interface_controlUnit:cu|present_state                                                                                        ;
+-----------------------------+----------------------------+-----------------------+-----------------------------+----------------------------+-----------------------+--------------------+---------------------+
; Name                        ; present_state.wait_writing ; present_state.writing ; present_state.store_reading ; present_state.wait_reading ; present_state.reading ; present_state.idle ; present_state.reset ;
+-----------------------------+----------------------------+-----------------------+-----------------------------+----------------------------+-----------------------+--------------------+---------------------+
; present_state.reset         ; 0                          ; 0                     ; 0                           ; 0                          ; 0                     ; 0                  ; 0                   ;
; present_state.idle          ; 0                          ; 0                     ; 0                           ; 0                          ; 0                     ; 1                  ; 1                   ;
; present_state.reading       ; 0                          ; 0                     ; 0                           ; 0                          ; 1                     ; 0                  ; 1                   ;
; present_state.wait_reading  ; 0                          ; 0                     ; 0                           ; 1                          ; 0                     ; 0                  ; 1                   ;
; present_state.store_reading ; 0                          ; 0                     ; 1                           ; 0                          ; 0                     ; 0                  ; 1                   ;
; present_state.writing       ; 0                          ; 1                     ; 0                           ; 0                          ; 0                     ; 0                  ; 1                   ;
; present_state.wait_writing  ; 1                          ; 0                     ; 0                           ; 0                          ; 0                     ; 0                  ; 1                   ;
+-----------------------------+----------------------------+-----------------------+-----------------------------+----------------------------+-----------------------+--------------------+---------------------+


+------------------------------------------------------+
; General Register Statistics                          ;
+----------------------------------------------+-------+
; Statistic                                    ; Value ;
+----------------------------------------------+-------+
; Total registers                              ; 4144  ;
; Number of registers using Synchronous Clear  ; 16    ;
; Number of registers using Synchronous Load   ; 1     ;
; Number of registers using Asynchronous Clear ; 7     ;
; Number of registers using Asynchronous Load  ; 0     ;
; Number of registers using Clock Enable       ; 4136  ;
; Number of registers using Preset             ; 0     ;
+----------------------------------------------+-------+


+-------------------------------------------------------------------------------------------------------------------------------------------------------------------------------------+
; Multiplexer Restructuring Statistics (Restructuring Performed)                                                                                                                      ;
+--------------------+-----------+---------------+----------------------+------------------------+------------+-----------------------------------------------------------------------+
; Multiplexer Inputs ; Bus Width ; Baseline Area ; Area if Restructured ; Saving if Restructured ; Registered ; Example Multiplexer Output                                            ;
+--------------------+-----------+---------------+----------------------+------------------------+------------+-----------------------------------------------------------------------+
; 3:1                ; 8 bits    ; 16 LEs        ; 8 LEs                ; 8 LEs                  ; Yes        ; |AvalonMM_hyperRamS27KL0641_interface|reg:address_register|reg_out[2] ;
; 3:1                ; 16 bits   ; 32 LEs        ; 16 LEs               ; 16 LEs                 ; Yes        ; |AvalonMM_hyperRamS27KL0641_interface|ssram32:memory|mem[0][0]        ;
; 3:1                ; 16 bits   ; 32 LEs        ; 16 LEs               ; 16 LEs                 ; Yes        ; |AvalonMM_hyperRamS27KL0641_interface|ssram32:memory|mem[1][5]        ;
; 3:1                ; 16 bits   ; 32 LEs        ; 16 LEs               ; 16 LEs                 ; Yes        ; |AvalonMM_hyperRamS27KL0641_interface|ssram32:memory|mem[2][6]        ;
; 3:1                ; 16 bits   ; 32 LEs        ; 16 LEs               ; 16 LEs                 ; Yes        ; |AvalonMM_hyperRamS27KL0641_interface|ssram32:memory|mem[3][1]        ;
; 3:1                ; 16 bits   ; 32 LEs        ; 16 LEs               ; 16 LEs                 ; Yes        ; |AvalonMM_hyperRamS27KL0641_interface|ssram32:memory|mem[4][6]        ;
; 3:1                ; 16 bits   ; 32 LEs        ; 16 LEs               ; 16 LEs                 ; Yes        ; |AvalonMM_hyperRamS27KL0641_interface|ssram32:memory|mem[5][7]        ;
; 3:1                ; 16 bits   ; 32 LEs        ; 16 LEs               ; 16 LEs                 ; Yes        ; |AvalonMM_hyperRamS27KL0641_interface|ssram32:memory|mem[6][11]       ;
; 3:1                ; 16 bits   ; 32 LEs        ; 16 LEs               ; 16 LEs                 ; Yes        ; |AvalonMM_hyperRamS27KL0641_interface|ssram32:memory|mem[7][5]        ;
; 3:1                ; 16 bits   ; 32 LEs        ; 16 LEs               ; 16 LEs                 ; Yes        ; |AvalonMM_hyperRamS27KL0641_interface|ssram32:memory|mem[8][8]        ;
; 3:1                ; 16 bits   ; 32 LEs        ; 16 LEs               ; 16 LEs                 ; Yes        ; |AvalonMM_hyperRamS27KL0641_interface|ssram32:memory|mem[9][0]        ;
; 3:1                ; 16 bits   ; 32 LEs        ; 16 LEs               ; 16 LEs                 ; Yes        ; |AvalonMM_hyperRamS27KL0641_interface|ssram32:memory|mem[10][2]       ;
; 3:1                ; 16 bits   ; 32 LEs        ; 16 LEs               ; 16 LEs                 ; Yes        ; |AvalonMM_hyperRamS27KL0641_interface|ssram32:memory|mem[11][11]      ;
; 3:1                ; 16 bits   ; 32 LEs        ; 16 LEs               ; 16 LEs                 ; Yes        ; |AvalonMM_hyperRamS27KL0641_interface|ssram32:memory|mem[12][12]      ;
; 3:1                ; 16 bits   ; 32 LEs        ; 16 LEs               ; 16 LEs                 ; Yes        ; |AvalonMM_hyperRamS27KL0641_interface|ssram32:memory|mem[13][13]      ;
; 3:1                ; 16 bits   ; 32 LEs        ; 16 LEs               ; 16 LEs                 ; Yes        ; |AvalonMM_hyperRamS27KL0641_interface|ssram32:memory|mem[14][3]       ;
; 3:1                ; 16 bits   ; 32 LEs        ; 16 LEs               ; 16 LEs                 ; Yes        ; |AvalonMM_hyperRamS27KL0641_interface|ssram32:memory|mem[15][13]      ;
; 3:1                ; 16 bits   ; 32 LEs        ; 16 LEs               ; 16 LEs                 ; Yes        ; |AvalonMM_hyperRamS27KL0641_interface|ssram32:memory|mem[16][1]       ;
; 3:1                ; 16 bits   ; 32 LEs        ; 16 LEs               ; 16 LEs                 ; Yes        ; |AvalonMM_hyperRamS27KL0641_interface|ssram32:memory|mem[17][7]       ;
; 3:1                ; 16 bits   ; 32 LEs        ; 16 LEs               ; 16 LEs                 ; Yes        ; |AvalonMM_hyperRamS27KL0641_interface|ssram32:memory|mem[18][8]       ;
; 3:1                ; 16 bits   ; 32 LEs        ; 16 LEs               ; 16 LEs                 ; Yes        ; |AvalonMM_hyperRamS27KL0641_interface|ssram32:memory|mem[19][6]       ;
; 3:1                ; 16 bits   ; 32 LEs        ; 16 LEs               ; 16 LEs                 ; Yes        ; |AvalonMM_hyperRamS27KL0641_interface|ssram32:memory|mem[20][5]       ;
; 3:1                ; 16 bits   ; 32 LEs        ; 16 LEs               ; 16 LEs                 ; Yes        ; |AvalonMM_hyperRamS27KL0641_interface|ssram32:memory|mem[21][3]       ;
; 3:1                ; 16 bits   ; 32 LEs        ; 16 LEs               ; 16 LEs                 ; Yes        ; |AvalonMM_hyperRamS27KL0641_interface|ssram32:memory|mem[22][15]      ;
; 3:1                ; 16 bits   ; 32 LEs        ; 16 LEs               ; 16 LEs                 ; Yes        ; |AvalonMM_hyperRamS27KL0641_interface|ssram32:memory|mem[23][13]      ;
; 3:1                ; 16 bits   ; 32 LEs        ; 16 LEs               ; 16 LEs                 ; Yes        ; |AvalonMM_hyperRamS27KL0641_interface|ssram32:memory|mem[24][12]      ;
; 3:1                ; 16 bits   ; 32 LEs        ; 16 LEs               ; 16 LEs                 ; Yes        ; |AvalonMM_hyperRamS27KL0641_interface|ssram32:memory|mem[25][8]       ;
; 3:1                ; 16 bits   ; 32 LEs        ; 16 LEs               ; 16 LEs                 ; Yes        ; |AvalonMM_hyperRamS27KL0641_interface|ssram32:memory|mem[26][5]       ;
; 3:1                ; 16 bits   ; 32 LEs        ; 16 LEs               ; 16 LEs                 ; Yes        ; |AvalonMM_hyperRamS27KL0641_interface|ssram32:memory|mem[27][13]      ;
; 3:1                ; 16 bits   ; 32 LEs        ; 16 LEs               ; 16 LEs                 ; Yes        ; |AvalonMM_hyperRamS27KL0641_interface|ssram32:memory|mem[28][0]       ;
; 3:1                ; 16 bits   ; 32 LEs        ; 16 LEs               ; 16 LEs                 ; Yes        ; |AvalonMM_hyperRamS27KL0641_interface|ssram32:memory|mem[29][8]       ;
; 3:1                ; 16 bits   ; 32 LEs        ; 16 LEs               ; 16 LEs                 ; Yes        ; |AvalonMM_hyperRamS27KL0641_interface|ssram32:memory|mem[30][7]       ;
; 3:1                ; 16 bits   ; 32 LEs        ; 16 LEs               ; 16 LEs                 ; Yes        ; |AvalonMM_hyperRamS27KL0641_interface|ssram32:memory|mem[31][15]      ;
; 3:1                ; 16 bits   ; 32 LEs        ; 16 LEs               ; 16 LEs                 ; Yes        ; |AvalonMM_hyperRamS27KL0641_interface|ssram32:memory|mem[32][6]       ;
; 3:1                ; 16 bits   ; 32 LEs        ; 16 LEs               ; 16 LEs                 ; Yes        ; |AvalonMM_hyperRamS27KL0641_interface|ssram32:memory|mem[33][11]      ;
; 3:1                ; 16 bits   ; 32 LEs        ; 16 LEs               ; 16 LEs                 ; Yes        ; |AvalonMM_hyperRamS27KL0641_interface|ssram32:memory|mem[34][2]       ;
; 3:1                ; 16 bits   ; 32 LEs        ; 16 LEs               ; 16 LEs                 ; Yes        ; |AvalonMM_hyperRamS27KL0641_interface|ssram32:memory|mem[35][11]      ;
; 3:1                ; 16 bits   ; 32 LEs        ; 16 LEs               ; 16 LEs                 ; Yes        ; |AvalonMM_hyperRamS27KL0641_interface|ssram32:memory|mem[36][12]      ;
; 3:1                ; 16 bits   ; 32 LEs        ; 16 LEs               ; 16 LEs                 ; Yes        ; |AvalonMM_hyperRamS27KL0641_interface|ssram32:memory|mem[37][8]       ;
; 3:1                ; 16 bits   ; 32 LEs        ; 16 LEs               ; 16 LEs                 ; Yes        ; |AvalonMM_hyperRamS27KL0641_interface|ssram32:memory|mem[38][12]      ;
; 3:1                ; 16 bits   ; 32 LEs        ; 16 LEs               ; 16 LEs                 ; Yes        ; |AvalonMM_hyperRamS27KL0641_interface|ssram32:memory|mem[39][5]       ;
; 3:1                ; 16 bits   ; 32 LEs        ; 16 LEs               ; 16 LEs                 ; Yes        ; |AvalonMM_hyperRamS27KL0641_interface|ssram32:memory|mem[40][4]       ;
; 3:1                ; 16 bits   ; 32 LEs        ; 16 LEs               ; 16 LEs                 ; Yes        ; |AvalonMM_hyperRamS27KL0641_interface|ssram32:memory|mem[41][12]      ;
; 3:1                ; 16 bits   ; 32 LEs        ; 16 LEs               ; 16 LEs                 ; Yes        ; |AvalonMM_hyperRamS27KL0641_interface|ssram32:memory|mem[42][8]       ;
; 3:1                ; 16 bits   ; 32 LEs        ; 16 LEs               ; 16 LEs                 ; Yes        ; |AvalonMM_hyperRamS27KL0641_interface|ssram32:memory|mem[43][9]       ;
; 3:1                ; 16 bits   ; 32 LEs        ; 16 LEs               ; 16 LEs                 ; Yes        ; |AvalonMM_hyperRamS27KL0641_interface|ssram32:memory|mem[44][9]       ;
; 3:1                ; 16 bits   ; 32 LEs        ; 16 LEs               ; 16 LEs                 ; Yes        ; |AvalonMM_hyperRamS27KL0641_interface|ssram32:memory|mem[45][15]      ;
; 3:1                ; 16 bits   ; 32 LEs        ; 16 LEs               ; 16 LEs                 ; Yes        ; |AvalonMM_hyperRamS27KL0641_interface|ssram32:memory|mem[46][3]       ;
; 3:1                ; 16 bits   ; 32 LEs        ; 16 LEs               ; 16 LEs                 ; Yes        ; |AvalonMM_hyperRamS27KL0641_interface|ssram32:memory|mem[47][11]      ;
; 3:1                ; 16 bits   ; 32 LEs        ; 16 LEs               ; 16 LEs                 ; Yes        ; |AvalonMM_hyperRamS27KL0641_interface|ssram32:memory|mem[48][14]      ;
; 3:1                ; 16 bits   ; 32 LEs        ; 16 LEs               ; 16 LEs                 ; Yes        ; |AvalonMM_hyperRamS27KL0641_interface|ssram32:memory|mem[49][0]       ;
; 3:1                ; 16 bits   ; 32 LEs        ; 16 LEs               ; 16 LEs                 ; Yes        ; |AvalonMM_hyperRamS27KL0641_interface|ssram32:memory|mem[50][1]       ;
; 3:1                ; 16 bits   ; 32 LEs        ; 16 LEs               ; 16 LEs                 ; Yes        ; |AvalonMM_hyperRamS27KL0641_interface|ssram32:memory|mem[51][7]       ;
; 3:1                ; 16 bits   ; 32 LEs        ; 16 LEs               ; 16 LEs                 ; Yes        ; |AvalonMM_hyperRamS27KL0641_interface|ssram32:memory|mem[52][6]       ;
; 3:1                ; 16 bits   ; 32 LEs        ; 16 LEs               ; 16 LEs                 ; Yes        ; |AvalonMM_hyperRamS27KL0641_interface|ssram32:memory|mem[53][13]      ;
; 3:1                ; 16 bits   ; 32 LEs        ; 16 LEs               ; 16 LEs                 ; Yes        ; |AvalonMM_hyperRamS27KL0641_interface|ssram32:memory|mem[54][3]       ;
; 3:1                ; 16 bits   ; 32 LEs        ; 16 LEs               ; 16 LEs                 ; Yes        ; |AvalonMM_hyperRamS27KL0641_interface|ssram32:memory|mem[55][6]       ;
; 3:1                ; 16 bits   ; 32 LEs        ; 16 LEs               ; 16 LEs                 ; Yes        ; |AvalonMM_hyperRamS27KL0641_interface|ssram32:memory|mem[56][4]       ;
; 3:1                ; 16 bits   ; 32 LEs        ; 16 LEs               ; 16 LEs                 ; Yes        ; |AvalonMM_hyperRamS27KL0641_interface|ssram32:memory|mem[57][9]       ;
; 3:1                ; 16 bits   ; 32 LEs        ; 16 LEs               ; 16 LEs                 ; Yes        ; |AvalonMM_hyperRamS27KL0641_interface|ssram32:memory|mem[58][7]       ;
; 3:1                ; 16 bits   ; 32 LEs        ; 16 LEs               ; 16 LEs                 ; Yes        ; |AvalonMM_hyperRamS27KL0641_interface|ssram32:memory|mem[59][0]       ;
; 3:1                ; 16 bits   ; 32 LEs        ; 16 LEs               ; 16 LEs                 ; Yes        ; |AvalonMM_hyperRamS27KL0641_interface|ssram32:memory|mem[60][14]      ;
; 3:1                ; 16 bits   ; 32 LEs        ; 16 LEs               ; 16 LEs                 ; Yes        ; |AvalonMM_hyperRamS27KL0641_interface|ssram32:memory|mem[61][11]      ;
; 3:1                ; 16 bits   ; 32 LEs        ; 16 LEs               ; 16 LEs                 ; Yes        ; |AvalonMM_hyperRamS27KL0641_interface|ssram32:memory|mem[62][10]      ;
; 3:1                ; 16 bits   ; 32 LEs        ; 16 LEs               ; 16 LEs                 ; Yes        ; |AvalonMM_hyperRamS27KL0641_interface|ssram32:memory|mem[63][11]      ;
; 3:1                ; 16 bits   ; 32 LEs        ; 16 LEs               ; 16 LEs                 ; Yes        ; |AvalonMM_hyperRamS27KL0641_interface|ssram32:memory|mem[64][14]      ;
; 3:1                ; 16 bits   ; 32 LEs        ; 16 LEs               ; 16 LEs                 ; Yes        ; |AvalonMM_hyperRamS27KL0641_interface|ssram32:memory|mem[65][0]       ;
; 3:1                ; 16 bits   ; 32 LEs        ; 16 LEs               ; 16 LEs                 ; Yes        ; |AvalonMM_hyperRamS27KL0641_interface|ssram32:memory|mem[66][8]       ;
; 3:1                ; 16 bits   ; 32 LEs        ; 16 LEs               ; 16 LEs                 ; Yes        ; |AvalonMM_hyperRamS27KL0641_interface|ssram32:memory|mem[67][2]       ;
; 3:1                ; 16 bits   ; 32 LEs        ; 16 LEs               ; 16 LEs                 ; Yes        ; |AvalonMM_hyperRamS27KL0641_interface|ssram32:memory|mem[68][15]      ;
; 3:1                ; 16 bits   ; 32 LEs        ; 16 LEs               ; 16 LEs                 ; Yes        ; |AvalonMM_hyperRamS27KL0641_interface|ssram32:memory|mem[69][3]       ;
; 3:1                ; 16 bits   ; 32 LEs        ; 16 LEs               ; 16 LEs                 ; Yes        ; |AvalonMM_hyperRamS27KL0641_interface|ssram32:memory|mem[70][6]       ;
; 3:1                ; 16 bits   ; 32 LEs        ; 16 LEs               ; 16 LEs                 ; Yes        ; |AvalonMM_hyperRamS27KL0641_interface|ssram32:memory|mem[71][13]      ;
; 3:1                ; 16 bits   ; 32 LEs        ; 16 LEs               ; 16 LEs                 ; Yes        ; |AvalonMM_hyperRamS27KL0641_interface|ssram32:memory|mem[72][4]       ;
; 3:1                ; 16 bits   ; 32 LEs        ; 16 LEs               ; 16 LEs                 ; Yes        ; |AvalonMM_hyperRamS27KL0641_interface|ssram32:memory|mem[73][8]       ;
; 3:1                ; 16 bits   ; 32 LEs        ; 16 LEs               ; 16 LEs                 ; Yes        ; |AvalonMM_hyperRamS27KL0641_interface|ssram32:memory|mem[74][2]       ;
; 3:1                ; 16 bits   ; 32 LEs        ; 16 LEs               ; 16 LEs                 ; Yes        ; |AvalonMM_hyperRamS27KL0641_interface|ssram32:memory|mem[75][11]      ;
; 3:1                ; 16 bits   ; 32 LEs        ; 16 LEs               ; 16 LEs                 ; Yes        ; |AvalonMM_hyperRamS27KL0641_interface|ssram32:memory|mem[76][13]      ;
; 3:1                ; 16 bits   ; 32 LEs        ; 16 LEs               ; 16 LEs                 ; Yes        ; |AvalonMM_hyperRamS27KL0641_interface|ssram32:memory|mem[77][3]       ;
; 3:1                ; 16 bits   ; 32 LEs        ; 16 LEs               ; 16 LEs                 ; Yes        ; |AvalonMM_hyperRamS27KL0641_interface|ssram32:memory|mem[78][2]       ;
; 3:1                ; 16 bits   ; 32 LEs        ; 16 LEs               ; 16 LEs                 ; Yes        ; |AvalonMM_hyperRamS27KL0641_interface|ssram32:memory|mem[79][9]       ;
; 3:1                ; 16 bits   ; 32 LEs        ; 16 LEs               ; 16 LEs                 ; Yes        ; |AvalonMM_hyperRamS27KL0641_interface|ssram32:memory|mem[80][13]      ;
; 3:1                ; 16 bits   ; 32 LEs        ; 16 LEs               ; 16 LEs                 ; Yes        ; |AvalonMM_hyperRamS27KL0641_interface|ssram32:memory|mem[81][8]       ;
; 3:1                ; 16 bits   ; 32 LEs        ; 16 LEs               ; 16 LEs                 ; Yes        ; |AvalonMM_hyperRamS27KL0641_interface|ssram32:memory|mem[82][0]       ;
; 3:1                ; 16 bits   ; 32 LEs        ; 16 LEs               ; 16 LEs                 ; Yes        ; |AvalonMM_hyperRamS27KL0641_interface|ssram32:memory|mem[83][3]       ;
; 3:1                ; 16 bits   ; 32 LEs        ; 16 LEs               ; 16 LEs                 ; Yes        ; |AvalonMM_hyperRamS27KL0641_interface|ssram32:memory|mem[84][14]      ;
; 3:1                ; 16 bits   ; 32 LEs        ; 16 LEs               ; 16 LEs                 ; Yes        ; |AvalonMM_hyperRamS27KL0641_interface|ssram32:memory|mem[85][11]      ;
; 3:1                ; 16 bits   ; 32 LEs        ; 16 LEs               ; 16 LEs                 ; Yes        ; |AvalonMM_hyperRamS27KL0641_interface|ssram32:memory|mem[86][15]      ;
; 3:1                ; 16 bits   ; 32 LEs        ; 16 LEs               ; 16 LEs                 ; Yes        ; |AvalonMM_hyperRamS27KL0641_interface|ssram32:memory|mem[87][12]      ;
; 3:1                ; 16 bits   ; 32 LEs        ; 16 LEs               ; 16 LEs                 ; Yes        ; |AvalonMM_hyperRamS27KL0641_interface|ssram32:memory|mem[88][13]      ;
; 3:1                ; 16 bits   ; 32 LEs        ; 16 LEs               ; 16 LEs                 ; Yes        ; |AvalonMM_hyperRamS27KL0641_interface|ssram32:memory|mem[89][6]       ;
; 3:1                ; 16 bits   ; 32 LEs        ; 16 LEs               ; 16 LEs                 ; Yes        ; |AvalonMM_hyperRamS27KL0641_interface|ssram32:memory|mem[90][9]       ;
; 3:1                ; 16 bits   ; 32 LEs        ; 16 LEs               ; 16 LEs                 ; Yes        ; |AvalonMM_hyperRamS27KL0641_interface|ssram32:memory|mem[91][2]       ;
; 3:1                ; 16 bits   ; 32 LEs        ; 16 LEs               ; 16 LEs                 ; Yes        ; |AvalonMM_hyperRamS27KL0641_interface|ssram32:memory|mem[92][2]       ;
; 3:1                ; 16 bits   ; 32 LEs        ; 16 LEs               ; 16 LEs                 ; Yes        ; |AvalonMM_hyperRamS27KL0641_interface|ssram32:memory|mem[93][3]       ;
; 3:1                ; 16 bits   ; 32 LEs        ; 16 LEs               ; 16 LEs                 ; Yes        ; |AvalonMM_hyperRamS27KL0641_interface|ssram32:memory|mem[94][13]      ;
; 3:1                ; 16 bits   ; 32 LEs        ; 16 LEs               ; 16 LEs                 ; Yes        ; |AvalonMM_hyperRamS27KL0641_interface|ssram32:memory|mem[95][9]       ;
; 3:1                ; 16 bits   ; 32 LEs        ; 16 LEs               ; 16 LEs                 ; Yes        ; |AvalonMM_hyperRamS27KL0641_interface|ssram32:memory|mem[96][11]      ;
; 3:1                ; 16 bits   ; 32 LEs        ; 16 LEs               ; 16 LEs                 ; Yes        ; |AvalonMM_hyperRamS27KL0641_interface|ssram32:memory|mem[97][7]       ;
; 3:1                ; 16 bits   ; 32 LEs        ; 16 LEs               ; 16 LEs                 ; Yes        ; |AvalonMM_hyperRamS27KL0641_interface|ssram32:memory|mem[98][2]       ;
; 3:1                ; 16 bits   ; 32 LEs        ; 16 LEs               ; 16 LEs                 ; Yes        ; |AvalonMM_hyperRamS27KL0641_interface|ssram32:memory|mem[99][8]       ;
; 3:1                ; 16 bits   ; 32 LEs        ; 16 LEs               ; 16 LEs                 ; Yes        ; |AvalonMM_hyperRamS27KL0641_interface|ssram32:memory|mem[100][4]      ;
; 3:1                ; 16 bits   ; 32 LEs        ; 16 LEs               ; 16 LEs                 ; Yes        ; |AvalonMM_hyperRamS27KL0641_interface|ssram32:memory|mem[101][15]     ;
; 3:1                ; 16 bits   ; 32 LEs        ; 16 LEs               ; 16 LEs                 ; Yes        ; |AvalonMM_hyperRamS27KL0641_interface|ssram32:memory|mem[102][12]     ;
; 3:1                ; 16 bits   ; 32 LEs        ; 16 LEs               ; 16 LEs                 ; Yes        ; |AvalonMM_hyperRamS27KL0641_interface|ssram32:memory|mem[103][0]      ;
; 3:1                ; 16 bits   ; 32 LEs        ; 16 LEs               ; 16 LEs                 ; Yes        ; |AvalonMM_hyperRamS27KL0641_interface|ssram32:memory|mem[104][0]      ;
; 3:1                ; 16 bits   ; 32 LEs        ; 16 LEs               ; 16 LEs                 ; Yes        ; |AvalonMM_hyperRamS27KL0641_interface|ssram32:memory|mem[105][8]      ;
; 3:1                ; 16 bits   ; 32 LEs        ; 16 LEs               ; 16 LEs                 ; Yes        ; |AvalonMM_hyperRamS27KL0641_interface|ssram32:memory|mem[106][13]     ;
; 3:1                ; 16 bits   ; 32 LEs        ; 16 LEs               ; 16 LEs                 ; Yes        ; |AvalonMM_hyperRamS27KL0641_interface|ssram32:memory|mem[107][4]      ;
; 3:1                ; 16 bits   ; 32 LEs        ; 16 LEs               ; 16 LEs                 ; Yes        ; |AvalonMM_hyperRamS27KL0641_interface|ssram32:memory|mem[108][11]     ;
; 3:1                ; 16 bits   ; 32 LEs        ; 16 LEs               ; 16 LEs                 ; Yes        ; |AvalonMM_hyperRamS27KL0641_interface|ssram32:memory|mem[109][12]     ;
; 3:1                ; 16 bits   ; 32 LEs        ; 16 LEs               ; 16 LEs                 ; Yes        ; |AvalonMM_hyperRamS27KL0641_interface|ssram32:memory|mem[110][13]     ;
; 3:1                ; 16 bits   ; 32 LEs        ; 16 LEs               ; 16 LEs                 ; Yes        ; |AvalonMM_hyperRamS27KL0641_interface|ssram32:memory|mem[111][9]      ;
; 3:1                ; 16 bits   ; 32 LEs        ; 16 LEs               ; 16 LEs                 ; Yes        ; |AvalonMM_hyperRamS27KL0641_interface|ssram32:memory|mem[112][11]     ;
; 3:1                ; 16 bits   ; 32 LEs        ; 16 LEs               ; 16 LEs                 ; Yes        ; |AvalonMM_hyperRamS27KL0641_interface|ssram32:memory|mem[113][10]     ;
; 3:1                ; 16 bits   ; 32 LEs        ; 16 LEs               ; 16 LEs                 ; Yes        ; |AvalonMM_hyperRamS27KL0641_interface|ssram32:memory|mem[114][3]      ;
; 3:1                ; 16 bits   ; 32 LEs        ; 16 LEs               ; 16 LEs                 ; Yes        ; |AvalonMM_hyperRamS27KL0641_interface|ssram32:memory|mem[115][6]      ;
; 3:1                ; 16 bits   ; 32 LEs        ; 16 LEs               ; 16 LEs                 ; Yes        ; |AvalonMM_hyperRamS27KL0641_interface|ssram32:memory|mem[116][3]      ;
; 3:1                ; 16 bits   ; 32 LEs        ; 16 LEs               ; 16 LEs                 ; Yes        ; |AvalonMM_hyperRamS27KL0641_interface|ssram32:memory|mem[117][12]     ;
; 3:1                ; 16 bits   ; 32 LEs        ; 16 LEs               ; 16 LEs                 ; Yes        ; |AvalonMM_hyperRamS27KL0641_interface|ssram32:memory|mem[118][9]      ;
; 3:1                ; 16 bits   ; 32 LEs        ; 16 LEs               ; 16 LEs                 ; Yes        ; |AvalonMM_hyperRamS27KL0641_interface|ssram32:memory|mem[119][4]      ;
; 3:1                ; 16 bits   ; 32 LEs        ; 16 LEs               ; 16 LEs                 ; Yes        ; |AvalonMM_hyperRamS27KL0641_interface|ssram32:memory|mem[120][15]     ;
; 3:1                ; 16 bits   ; 32 LEs        ; 16 LEs               ; 16 LEs                 ; Yes        ; |AvalonMM_hyperRamS27KL0641_interface|ssram32:memory|mem[121][5]      ;
; 3:1                ; 16 bits   ; 32 LEs        ; 16 LEs               ; 16 LEs                 ; Yes        ; |AvalonMM_hyperRamS27KL0641_interface|ssram32:memory|mem[122][1]      ;
; 3:1                ; 16 bits   ; 32 LEs        ; 16 LEs               ; 16 LEs                 ; Yes        ; |AvalonMM_hyperRamS27KL0641_interface|ssram32:memory|mem[123][8]      ;
; 3:1                ; 16 bits   ; 32 LEs        ; 16 LEs               ; 16 LEs                 ; Yes        ; |AvalonMM_hyperRamS27KL0641_interface|ssram32:memory|mem[124][6]      ;
; 3:1                ; 16 bits   ; 32 LEs        ; 16 LEs               ; 16 LEs                 ; Yes        ; |AvalonMM_hyperRamS27KL0641_interface|ssram32:memory|mem[125][0]      ;
; 3:1                ; 16 bits   ; 32 LEs        ; 16 LEs               ; 16 LEs                 ; Yes        ; |AvalonMM_hyperRamS27KL0641_interface|ssram32:memory|mem[126][2]      ;
; 3:1                ; 16 bits   ; 32 LEs        ; 16 LEs               ; 16 LEs                 ; Yes        ; |AvalonMM_hyperRamS27KL0641_interface|ssram32:memory|mem[127][2]      ;
; 3:1                ; 16 bits   ; 32 LEs        ; 16 LEs               ; 16 LEs                 ; Yes        ; |AvalonMM_hyperRamS27KL0641_interface|ssram32:memory|mem[128][15]     ;
; 3:1                ; 16 bits   ; 32 LEs        ; 16 LEs               ; 16 LEs                 ; Yes        ; |AvalonMM_hyperRamS27KL0641_interface|ssram32:memory|mem[129][15]     ;
; 3:1                ; 16 bits   ; 32 LEs        ; 16 LEs               ; 16 LEs                 ; Yes        ; |AvalonMM_hyperRamS27KL0641_interface|ssram32:memory|mem[130][9]      ;
; 3:1                ; 16 bits   ; 32 LEs        ; 16 LEs               ; 16 LEs                 ; Yes        ; |AvalonMM_hyperRamS27KL0641_interface|ssram32:memory|mem[131][12]     ;
; 3:1                ; 16 bits   ; 32 LEs        ; 16 LEs               ; 16 LEs                 ; Yes        ; |AvalonMM_hyperRamS27KL0641_interface|ssram32:memory|mem[132][15]     ;
; 3:1                ; 16 bits   ; 32 LEs        ; 16 LEs               ; 16 LEs                 ; Yes        ; |AvalonMM_hyperRamS27KL0641_interface|ssram32:memory|mem[133][13]     ;
; 3:1                ; 16 bits   ; 32 LEs        ; 16 LEs               ; 16 LEs                 ; Yes        ; |AvalonMM_hyperRamS27KL0641_interface|ssram32:memory|mem[134][8]      ;
; 3:1                ; 16 bits   ; 32 LEs        ; 16 LEs               ; 16 LEs                 ; Yes        ; |AvalonMM_hyperRamS27KL0641_interface|ssram32:memory|mem[135][1]      ;
; 3:1                ; 16 bits   ; 32 LEs        ; 16 LEs               ; 16 LEs                 ; Yes        ; |AvalonMM_hyperRamS27KL0641_interface|ssram32:memory|mem[136][2]      ;
; 3:1                ; 16 bits   ; 32 LEs        ; 16 LEs               ; 16 LEs                 ; Yes        ; |AvalonMM_hyperRamS27KL0641_interface|ssram32:memory|mem[137][3]      ;
; 3:1                ; 16 bits   ; 32 LEs        ; 16 LEs               ; 16 LEs                 ; Yes        ; |AvalonMM_hyperRamS27KL0641_interface|ssram32:memory|mem[138][4]      ;
; 3:1                ; 16 bits   ; 32 LEs        ; 16 LEs               ; 16 LEs                 ; Yes        ; |AvalonMM_hyperRamS27KL0641_interface|ssram32:memory|mem[139][10]     ;
; 3:1                ; 16 bits   ; 32 LEs        ; 16 LEs               ; 16 LEs                 ; Yes        ; |AvalonMM_hyperRamS27KL0641_interface|ssram32:memory|mem[140][3]      ;
; 3:1                ; 16 bits   ; 32 LEs        ; 16 LEs               ; 16 LEs                 ; Yes        ; |AvalonMM_hyperRamS27KL0641_interface|ssram32:memory|mem[141][8]      ;
; 3:1                ; 16 bits   ; 32 LEs        ; 16 LEs               ; 16 LEs                 ; Yes        ; |AvalonMM_hyperRamS27KL0641_interface|ssram32:memory|mem[142][1]      ;
; 3:1                ; 16 bits   ; 32 LEs        ; 16 LEs               ; 16 LEs                 ; Yes        ; |AvalonMM_hyperRamS27KL0641_interface|ssram32:memory|mem[143][3]      ;
; 3:1                ; 16 bits   ; 32 LEs        ; 16 LEs               ; 16 LEs                 ; Yes        ; |AvalonMM_hyperRamS27KL0641_interface|ssram32:memory|mem[144][1]      ;
; 3:1                ; 16 bits   ; 32 LEs        ; 16 LEs               ; 16 LEs                 ; Yes        ; |AvalonMM_hyperRamS27KL0641_interface|ssram32:memory|mem[145][8]      ;
; 3:1                ; 16 bits   ; 32 LEs        ; 16 LEs               ; 16 LEs                 ; Yes        ; |AvalonMM_hyperRamS27KL0641_interface|ssram32:memory|mem[146][3]      ;
; 3:1                ; 16 bits   ; 32 LEs        ; 16 LEs               ; 16 LEs                 ; Yes        ; |AvalonMM_hyperRamS27KL0641_interface|ssram32:memory|mem[147][3]      ;
; 3:1                ; 16 bits   ; 32 LEs        ; 16 LEs               ; 16 LEs                 ; Yes        ; |AvalonMM_hyperRamS27KL0641_interface|ssram32:memory|mem[148][10]     ;
; 3:1                ; 16 bits   ; 32 LEs        ; 16 LEs               ; 16 LEs                 ; Yes        ; |AvalonMM_hyperRamS27KL0641_interface|ssram32:memory|mem[149][2]      ;
; 3:1                ; 16 bits   ; 32 LEs        ; 16 LEs               ; 16 LEs                 ; Yes        ; |AvalonMM_hyperRamS27KL0641_interface|ssram32:memory|mem[150][7]      ;
; 3:1                ; 16 bits   ; 32 LEs        ; 16 LEs               ; 16 LEs                 ; Yes        ; |AvalonMM_hyperRamS27KL0641_interface|ssram32:memory|mem[151][5]      ;
; 3:1                ; 16 bits   ; 32 LEs        ; 16 LEs               ; 16 LEs                 ; Yes        ; |AvalonMM_hyperRamS27KL0641_interface|ssram32:memory|mem[152][9]      ;
; 3:1                ; 16 bits   ; 32 LEs        ; 16 LEs               ; 16 LEs                 ; Yes        ; |AvalonMM_hyperRamS27KL0641_interface|ssram32:memory|mem[153][10]     ;
; 3:1                ; 16 bits   ; 32 LEs        ; 16 LEs               ; 16 LEs                 ; Yes        ; |AvalonMM_hyperRamS27KL0641_interface|ssram32:memory|mem[154][13]     ;
; 3:1                ; 16 bits   ; 32 LEs        ; 16 LEs               ; 16 LEs                 ; Yes        ; |AvalonMM_hyperRamS27KL0641_interface|ssram32:memory|mem[155][5]      ;
; 3:1                ; 16 bits   ; 32 LEs        ; 16 LEs               ; 16 LEs                 ; Yes        ; |AvalonMM_hyperRamS27KL0641_interface|ssram32:memory|mem[156][15]     ;
; 3:1                ; 16 bits   ; 32 LEs        ; 16 LEs               ; 16 LEs                 ; Yes        ; |AvalonMM_hyperRamS27KL0641_interface|ssram32:memory|mem[157][11]     ;
; 3:1                ; 16 bits   ; 32 LEs        ; 16 LEs               ; 16 LEs                 ; Yes        ; |AvalonMM_hyperRamS27KL0641_interface|ssram32:memory|mem[158][15]     ;
; 3:1                ; 16 bits   ; 32 LEs        ; 16 LEs               ; 16 LEs                 ; Yes        ; |AvalonMM_hyperRamS27KL0641_interface|ssram32:memory|mem[159][10]     ;
; 3:1                ; 16 bits   ; 32 LEs        ; 16 LEs               ; 16 LEs                 ; Yes        ; |AvalonMM_hyperRamS27KL0641_interface|ssram32:memory|mem[160][3]      ;
; 3:1                ; 16 bits   ; 32 LEs        ; 16 LEs               ; 16 LEs                 ; Yes        ; |AvalonMM_hyperRamS27KL0641_interface|ssram32:memory|mem[161][7]      ;
; 3:1                ; 16 bits   ; 32 LEs        ; 16 LEs               ; 16 LEs                 ; Yes        ; |AvalonMM_hyperRamS27KL0641_interface|ssram32:memory|mem[162][15]     ;
; 3:1                ; 16 bits   ; 32 LEs        ; 16 LEs               ; 16 LEs                 ; Yes        ; |AvalonMM_hyperRamS27KL0641_interface|ssram32:memory|mem[163][5]      ;
; 3:1                ; 16 bits   ; 32 LEs        ; 16 LEs               ; 16 LEs                 ; Yes        ; |AvalonMM_hyperRamS27KL0641_interface|ssram32:memory|mem[164][0]      ;
; 3:1                ; 16 bits   ; 32 LEs        ; 16 LEs               ; 16 LEs                 ; Yes        ; |AvalonMM_hyperRamS27KL0641_interface|ssram32:memory|mem[165][5]      ;
; 3:1                ; 16 bits   ; 32 LEs        ; 16 LEs               ; 16 LEs                 ; Yes        ; |AvalonMM_hyperRamS27KL0641_interface|ssram32:memory|mem[166][12]     ;
; 3:1                ; 16 bits   ; 32 LEs        ; 16 LEs               ; 16 LEs                 ; Yes        ; |AvalonMM_hyperRamS27KL0641_interface|ssram32:memory|mem[167][6]      ;
; 3:1                ; 16 bits   ; 32 LEs        ; 16 LEs               ; 16 LEs                 ; Yes        ; |AvalonMM_hyperRamS27KL0641_interface|ssram32:memory|mem[168][13]     ;
; 3:1                ; 16 bits   ; 32 LEs        ; 16 LEs               ; 16 LEs                 ; Yes        ; |AvalonMM_hyperRamS27KL0641_interface|ssram32:memory|mem[169][4]      ;
; 3:1                ; 16 bits   ; 32 LEs        ; 16 LEs               ; 16 LEs                 ; Yes        ; |AvalonMM_hyperRamS27KL0641_interface|ssram32:memory|mem[170][12]     ;
; 3:1                ; 16 bits   ; 32 LEs        ; 16 LEs               ; 16 LEs                 ; Yes        ; |AvalonMM_hyperRamS27KL0641_interface|ssram32:memory|mem[171][11]     ;
; 3:1                ; 16 bits   ; 32 LEs        ; 16 LEs               ; 16 LEs                 ; Yes        ; |AvalonMM_hyperRamS27KL0641_interface|ssram32:memory|mem[172][8]      ;
; 3:1                ; 16 bits   ; 32 LEs        ; 16 LEs               ; 16 LEs                 ; Yes        ; |AvalonMM_hyperRamS27KL0641_interface|ssram32:memory|mem[173][0]      ;
; 3:1                ; 16 bits   ; 32 LEs        ; 16 LEs               ; 16 LEs                 ; Yes        ; |AvalonMM_hyperRamS27KL0641_interface|ssram32:memory|mem[174][8]      ;
; 3:1                ; 16 bits   ; 32 LEs        ; 16 LEs               ; 16 LEs                 ; Yes        ; |AvalonMM_hyperRamS27KL0641_interface|ssram32:memory|mem[175][5]      ;
; 3:1                ; 16 bits   ; 32 LEs        ; 16 LEs               ; 16 LEs                 ; Yes        ; |AvalonMM_hyperRamS27KL0641_interface|ssram32:memory|mem[176][15]     ;
; 3:1                ; 16 bits   ; 32 LEs        ; 16 LEs               ; 16 LEs                 ; Yes        ; |AvalonMM_hyperRamS27KL0641_interface|ssram32:memory|mem[177][15]     ;
; 3:1                ; 16 bits   ; 32 LEs        ; 16 LEs               ; 16 LEs                 ; Yes        ; |AvalonMM_hyperRamS27KL0641_interface|ssram32:memory|mem[178][1]      ;
; 3:1                ; 16 bits   ; 32 LEs        ; 16 LEs               ; 16 LEs                 ; Yes        ; |AvalonMM_hyperRamS27KL0641_interface|ssram32:memory|mem[179][1]      ;
; 3:1                ; 16 bits   ; 32 LEs        ; 16 LEs               ; 16 LEs                 ; Yes        ; |AvalonMM_hyperRamS27KL0641_interface|ssram32:memory|mem[180][15]     ;
; 3:1                ; 16 bits   ; 32 LEs        ; 16 LEs               ; 16 LEs                 ; Yes        ; |AvalonMM_hyperRamS27KL0641_interface|ssram32:memory|mem[181][13]     ;
; 3:1                ; 16 bits   ; 32 LEs        ; 16 LEs               ; 16 LEs                 ; Yes        ; |AvalonMM_hyperRamS27KL0641_interface|ssram32:memory|mem[182][3]      ;
; 3:1                ; 16 bits   ; 32 LEs        ; 16 LEs               ; 16 LEs                 ; Yes        ; |AvalonMM_hyperRamS27KL0641_interface|ssram32:memory|mem[183][1]      ;
; 3:1                ; 16 bits   ; 32 LEs        ; 16 LEs               ; 16 LEs                 ; Yes        ; |AvalonMM_hyperRamS27KL0641_interface|ssram32:memory|mem[184][11]     ;
; 3:1                ; 16 bits   ; 32 LEs        ; 16 LEs               ; 16 LEs                 ; Yes        ; |AvalonMM_hyperRamS27KL0641_interface|ssram32:memory|mem[185][15]     ;
; 3:1                ; 16 bits   ; 32 LEs        ; 16 LEs               ; 16 LEs                 ; Yes        ; |AvalonMM_hyperRamS27KL0641_interface|ssram32:memory|mem[186][5]      ;
; 3:1                ; 16 bits   ; 32 LEs        ; 16 LEs               ; 16 LEs                 ; Yes        ; |AvalonMM_hyperRamS27KL0641_interface|ssram32:memory|mem[187][15]     ;
; 3:1                ; 16 bits   ; 32 LEs        ; 16 LEs               ; 16 LEs                 ; Yes        ; |AvalonMM_hyperRamS27KL0641_interface|ssram32:memory|mem[188][12]     ;
; 3:1                ; 16 bits   ; 32 LEs        ; 16 LEs               ; 16 LEs                 ; Yes        ; |AvalonMM_hyperRamS27KL0641_interface|ssram32:memory|mem[189][11]     ;
; 3:1                ; 16 bits   ; 32 LEs        ; 16 LEs               ; 16 LEs                 ; Yes        ; |AvalonMM_hyperRamS27KL0641_interface|ssram32:memory|mem[190][13]     ;
; 3:1                ; 16 bits   ; 32 LEs        ; 16 LEs               ; 16 LEs                 ; Yes        ; |AvalonMM_hyperRamS27KL0641_interface|ssram32:memory|mem[191][13]     ;
; 3:1                ; 16 bits   ; 32 LEs        ; 16 LEs               ; 16 LEs                 ; Yes        ; |AvalonMM_hyperRamS27KL0641_interface|ssram32:memory|mem[192][2]      ;
; 3:1                ; 16 bits   ; 32 LEs        ; 16 LEs               ; 16 LEs                 ; Yes        ; |AvalonMM_hyperRamS27KL0641_interface|ssram32:memory|mem[193][4]      ;
; 3:1                ; 16 bits   ; 32 LEs        ; 16 LEs               ; 16 LEs                 ; Yes        ; |AvalonMM_hyperRamS27KL0641_interface|ssram32:memory|mem[194][2]      ;
; 3:1                ; 16 bits   ; 32 LEs        ; 16 LEs               ; 16 LEs                 ; Yes        ; |AvalonMM_hyperRamS27KL0641_interface|ssram32:memory|mem[195][2]      ;
; 3:1                ; 16 bits   ; 32 LEs        ; 16 LEs               ; 16 LEs                 ; Yes        ; |AvalonMM_hyperRamS27KL0641_interface|ssram32:memory|mem[196][2]      ;
; 3:1                ; 16 bits   ; 32 LEs        ; 16 LEs               ; 16 LEs                 ; Yes        ; |AvalonMM_hyperRamS27KL0641_interface|ssram32:memory|mem[197][5]      ;
; 3:1                ; 16 bits   ; 32 LEs        ; 16 LEs               ; 16 LEs                 ; Yes        ; |AvalonMM_hyperRamS27KL0641_interface|ssram32:memory|mem[198][8]      ;
; 3:1                ; 16 bits   ; 32 LEs        ; 16 LEs               ; 16 LEs                 ; Yes        ; |AvalonMM_hyperRamS27KL0641_interface|ssram32:memory|mem[199][14]     ;
; 3:1                ; 16 bits   ; 32 LEs        ; 16 LEs               ; 16 LEs                 ; Yes        ; |AvalonMM_hyperRamS27KL0641_interface|ssram32:memory|mem[200][3]      ;
; 3:1                ; 16 bits   ; 32 LEs        ; 16 LEs               ; 16 LEs                 ; Yes        ; |AvalonMM_hyperRamS27KL0641_interface|ssram32:memory|mem[201][2]      ;
; 3:1                ; 16 bits   ; 32 LEs        ; 16 LEs               ; 16 LEs                 ; Yes        ; |AvalonMM_hyperRamS27KL0641_interface|ssram32:memory|mem[202][11]     ;
; 3:1                ; 16 bits   ; 32 LEs        ; 16 LEs               ; 16 LEs                 ; Yes        ; |AvalonMM_hyperRamS27KL0641_interface|ssram32:memory|mem[203][3]      ;
; 3:1                ; 16 bits   ; 32 LEs        ; 16 LEs               ; 16 LEs                 ; Yes        ; |AvalonMM_hyperRamS27KL0641_interface|ssram32:memory|mem[204][0]      ;
; 3:1                ; 16 bits   ; 32 LEs        ; 16 LEs               ; 16 LEs                 ; Yes        ; |AvalonMM_hyperRamS27KL0641_interface|ssram32:memory|mem[205][1]      ;
; 3:1                ; 16 bits   ; 32 LEs        ; 16 LEs               ; 16 LEs                 ; Yes        ; |AvalonMM_hyperRamS27KL0641_interface|ssram32:memory|mem[206][13]     ;
; 3:1                ; 16 bits   ; 32 LEs        ; 16 LEs               ; 16 LEs                 ; Yes        ; |AvalonMM_hyperRamS27KL0641_interface|ssram32:memory|mem[207][8]      ;
; 3:1                ; 16 bits   ; 32 LEs        ; 16 LEs               ; 16 LEs                 ; Yes        ; |AvalonMM_hyperRamS27KL0641_interface|ssram32:memory|mem[208][13]     ;
; 3:1                ; 16 bits   ; 32 LEs        ; 16 LEs               ; 16 LEs                 ; Yes        ; |AvalonMM_hyperRamS27KL0641_interface|ssram32:memory|mem[209][6]      ;
; 3:1                ; 16 bits   ; 32 LEs        ; 16 LEs               ; 16 LEs                 ; Yes        ; |AvalonMM_hyperRamS27KL0641_interface|ssram32:memory|mem[210][0]      ;
; 3:1                ; 16 bits   ; 32 LEs        ; 16 LEs               ; 16 LEs                 ; Yes        ; |AvalonMM_hyperRamS27KL0641_interface|ssram32:memory|mem[211][5]      ;
; 3:1                ; 16 bits   ; 32 LEs        ; 16 LEs               ; 16 LEs                 ; Yes        ; |AvalonMM_hyperRamS27KL0641_interface|ssram32:memory|mem[212][3]      ;
; 3:1                ; 16 bits   ; 32 LEs        ; 16 LEs               ; 16 LEs                 ; Yes        ; |AvalonMM_hyperRamS27KL0641_interface|ssram32:memory|mem[213][1]      ;
; 3:1                ; 16 bits   ; 32 LEs        ; 16 LEs               ; 16 LEs                 ; Yes        ; |AvalonMM_hyperRamS27KL0641_interface|ssram32:memory|mem[214][2]      ;
; 3:1                ; 16 bits   ; 32 LEs        ; 16 LEs               ; 16 LEs                 ; Yes        ; |AvalonMM_hyperRamS27KL0641_interface|ssram32:memory|mem[215][15]     ;
; 3:1                ; 16 bits   ; 32 LEs        ; 16 LEs               ; 16 LEs                 ; Yes        ; |AvalonMM_hyperRamS27KL0641_interface|ssram32:memory|mem[216][13]     ;
; 3:1                ; 16 bits   ; 32 LEs        ; 16 LEs               ; 16 LEs                 ; Yes        ; |AvalonMM_hyperRamS27KL0641_interface|ssram32:memory|mem[217][0]      ;
; 3:1                ; 16 bits   ; 32 LEs        ; 16 LEs               ; 16 LEs                 ; Yes        ; |AvalonMM_hyperRamS27KL0641_interface|ssram32:memory|mem[218][0]      ;
; 3:1                ; 16 bits   ; 32 LEs        ; 16 LEs               ; 16 LEs                 ; Yes        ; |AvalonMM_hyperRamS27KL0641_interface|ssram32:memory|mem[219][14]     ;
; 3:1                ; 16 bits   ; 32 LEs        ; 16 LEs               ; 16 LEs                 ; Yes        ; |AvalonMM_hyperRamS27KL0641_interface|ssram32:memory|mem[220][12]     ;
; 3:1                ; 16 bits   ; 32 LEs        ; 16 LEs               ; 16 LEs                 ; Yes        ; |AvalonMM_hyperRamS27KL0641_interface|ssram32:memory|mem[221][2]      ;
; 3:1                ; 16 bits   ; 32 LEs        ; 16 LEs               ; 16 LEs                 ; Yes        ; |AvalonMM_hyperRamS27KL0641_interface|ssram32:memory|mem[222][2]      ;
; 3:1                ; 16 bits   ; 32 LEs        ; 16 LEs               ; 16 LEs                 ; Yes        ; |AvalonMM_hyperRamS27KL0641_interface|ssram32:memory|mem[223][7]      ;
; 3:1                ; 16 bits   ; 32 LEs        ; 16 LEs               ; 16 LEs                 ; Yes        ; |AvalonMM_hyperRamS27KL0641_interface|ssram32:memory|mem[224][4]      ;
; 3:1                ; 16 bits   ; 32 LEs        ; 16 LEs               ; 16 LEs                 ; Yes        ; |AvalonMM_hyperRamS27KL0641_interface|ssram32:memory|mem[225][12]     ;
; 3:1                ; 16 bits   ; 32 LEs        ; 16 LEs               ; 16 LEs                 ; Yes        ; |AvalonMM_hyperRamS27KL0641_interface|ssram32:memory|mem[226][13]     ;
; 3:1                ; 16 bits   ; 32 LEs        ; 16 LEs               ; 16 LEs                 ; Yes        ; |AvalonMM_hyperRamS27KL0641_interface|ssram32:memory|mem[227][8]      ;
; 3:1                ; 16 bits   ; 32 LEs        ; 16 LEs               ; 16 LEs                 ; Yes        ; |AvalonMM_hyperRamS27KL0641_interface|ssram32:memory|mem[228][13]     ;
; 3:1                ; 16 bits   ; 32 LEs        ; 16 LEs               ; 16 LEs                 ; Yes        ; |AvalonMM_hyperRamS27KL0641_interface|ssram32:memory|mem[229][12]     ;
; 3:1                ; 16 bits   ; 32 LEs        ; 16 LEs               ; 16 LEs                 ; Yes        ; |AvalonMM_hyperRamS27KL0641_interface|ssram32:memory|mem[230][15]     ;
; 3:1                ; 16 bits   ; 32 LEs        ; 16 LEs               ; 16 LEs                 ; Yes        ; |AvalonMM_hyperRamS27KL0641_interface|ssram32:memory|mem[231][0]      ;
; 3:1                ; 16 bits   ; 32 LEs        ; 16 LEs               ; 16 LEs                 ; Yes        ; |AvalonMM_hyperRamS27KL0641_interface|ssram32:memory|mem[232][13]     ;
; 3:1                ; 16 bits   ; 32 LEs        ; 16 LEs               ; 16 LEs                 ; Yes        ; |AvalonMM_hyperRamS27KL0641_interface|ssram32:memory|mem[233][7]      ;
; 3:1                ; 16 bits   ; 32 LEs        ; 16 LEs               ; 16 LEs                 ; Yes        ; |AvalonMM_hyperRamS27KL0641_interface|ssram32:memory|mem[234][8]      ;
; 3:1                ; 16 bits   ; 32 LEs        ; 16 LEs               ; 16 LEs                 ; Yes        ; |AvalonMM_hyperRamS27KL0641_interface|ssram32:memory|mem[235][6]      ;
; 3:1                ; 16 bits   ; 32 LEs        ; 16 LEs               ; 16 LEs                 ; Yes        ; |AvalonMM_hyperRamS27KL0641_interface|ssram32:memory|mem[236][8]      ;
; 3:1                ; 16 bits   ; 32 LEs        ; 16 LEs               ; 16 LEs                 ; Yes        ; |AvalonMM_hyperRamS27KL0641_interface|ssram32:memory|mem[237][7]      ;
; 3:1                ; 16 bits   ; 32 LEs        ; 16 LEs               ; 16 LEs                 ; Yes        ; |AvalonMM_hyperRamS27KL0641_interface|ssram32:memory|mem[238][1]      ;
; 3:1                ; 16 bits   ; 32 LEs        ; 16 LEs               ; 16 LEs                 ; Yes        ; |AvalonMM_hyperRamS27KL0641_interface|ssram32:memory|mem[239][10]     ;
; 3:1                ; 16 bits   ; 32 LEs        ; 16 LEs               ; 16 LEs                 ; Yes        ; |AvalonMM_hyperRamS27KL0641_interface|ssram32:memory|mem[240][15]     ;
; 3:1                ; 16 bits   ; 32 LEs        ; 16 LEs               ; 16 LEs                 ; Yes        ; |AvalonMM_hyperRamS27KL0641_interface|ssram32:memory|mem[241][14]     ;
; 3:1                ; 16 bits   ; 32 LEs        ; 16 LEs               ; 16 LEs                 ; Yes        ; |AvalonMM_hyperRamS27KL0641_interface|ssram32:memory|mem[242][0]      ;
; 3:1                ; 16 bits   ; 32 LEs        ; 16 LEs               ; 16 LEs                 ; Yes        ; |AvalonMM_hyperRamS27KL0641_interface|ssram32:memory|mem[243][11]     ;
; 3:1                ; 16 bits   ; 32 LEs        ; 16 LEs               ; 16 LEs                 ; Yes        ; |AvalonMM_hyperRamS27KL0641_interface|ssram32:memory|mem[244][15]     ;
; 3:1                ; 16 bits   ; 32 LEs        ; 16 LEs               ; 16 LEs                 ; Yes        ; |AvalonMM_hyperRamS27KL0641_interface|ssram32:memory|mem[245][15]     ;
; 3:1                ; 16 bits   ; 32 LEs        ; 16 LEs               ; 16 LEs                 ; Yes        ; |AvalonMM_hyperRamS27KL0641_interface|ssram32:memory|mem[246][1]      ;
; 3:1                ; 16 bits   ; 32 LEs        ; 16 LEs               ; 16 LEs                 ; Yes        ; |AvalonMM_hyperRamS27KL0641_interface|ssram32:memory|mem[247][6]      ;
; 3:1                ; 16 bits   ; 32 LEs        ; 16 LEs               ; 16 LEs                 ; Yes        ; |AvalonMM_hyperRamS27KL0641_interface|ssram32:memory|mem[248][6]      ;
; 3:1                ; 16 bits   ; 32 LEs        ; 16 LEs               ; 16 LEs                 ; Yes        ; |AvalonMM_hyperRamS27KL0641_interface|ssram32:memory|mem[249][7]      ;
; 3:1                ; 16 bits   ; 32 LEs        ; 16 LEs               ; 16 LEs                 ; Yes        ; |AvalonMM_hyperRamS27KL0641_interface|ssram32:memory|mem[250][9]      ;
; 3:1                ; 16 bits   ; 32 LEs        ; 16 LEs               ; 16 LEs                 ; Yes        ; |AvalonMM_hyperRamS27KL0641_interface|ssram32:memory|mem[251][1]      ;
; 3:1                ; 16 bits   ; 32 LEs        ; 16 LEs               ; 16 LEs                 ; Yes        ; |AvalonMM_hyperRamS27KL0641_interface|ssram32:memory|mem[252][15]     ;
; 3:1                ; 16 bits   ; 32 LEs        ; 16 LEs               ; 16 LEs                 ; Yes        ; |AvalonMM_hyperRamS27KL0641_interface|ssram32:memory|mem[253][6]      ;
; 3:1                ; 16 bits   ; 32 LEs        ; 16 LEs               ; 16 LEs                 ; Yes        ; |AvalonMM_hyperRamS27KL0641_interface|ssram32:memory|mem[254][15]     ;
; 3:1                ; 16 bits   ; 32 LEs        ; 16 LEs               ; 16 LEs                 ; Yes        ; |AvalonMM_hyperRamS27KL0641_interface|ssram32:memory|mem[255][15]     ;
; 4:1                ; 16 bits   ; 32 LEs        ; 32 LEs               ; 0 LEs                  ; Yes        ; |AvalonMM_hyperRamS27KL0641_interface|reg:data_register|reg_out[14]   ;
; 256:1              ; 16 bits   ; 2720 LEs      ; 2720 LEs             ; 0 LEs                  ; Yes        ; |AvalonMM_hyperRamS27KL0641_interface|ssram32:memory|dummy_out[4]     ;
+--------------------+-----------+---------------+----------------------+------------------------+------------+-----------------------------------------------------------------------+


+-------------------------------------------------------------------+
; Parameter Settings for User Entity Instance: reg:address_register ;
+----------------+-------+------------------------------------------+
; Parameter Name ; Value ; Type                                     ;
+----------------+-------+------------------------------------------+
; n              ; 32    ; Signed Integer                           ;
+----------------+-------+------------------------------------------+
Note: In order to hide this table in the UI and the text report file, please set the "Show Parameter Settings in Synthesis Report" option in "Analysis and Synthesis Settings -> More Settings" to "Off".


+----------------------------------------------------------------+
; Parameter Settings for User Entity Instance: reg:data_register ;
+----------------+-------+---------------------------------------+
; Parameter Name ; Value ; Type                                  ;
+----------------+-------+---------------------------------------+
; n              ; 16    ; Signed Integer                        ;
+----------------+-------+---------------------------------------+
Note: In order to hide this table in the UI and the text report file, please set the "Show Parameter Settings in Synthesis Report" option in "Analysis and Synthesis Settings -> More Settings" to "Off".


+----------------------------------------------------------------+
; Parameter Settings for User Entity Instance: mux_2to1:data_mux ;
+----------------+-------+---------------------------------------+
; Parameter Name ; Value ; Type                                  ;
+----------------+-------+---------------------------------------+
; n              ; 16    ; Signed Integer                        ;
+----------------+-------+---------------------------------------+
Note: In order to hide this table in the UI and the text report file, please set the "Show Parameter Settings in Synthesis Report" option in "Analysis and Synthesis Settings -> More Settings" to "Off".


+-------------------------------------------------------------+
; Parameter Settings for User Entity Instance: ssram32:memory ;
+----------------+-------------+------------------------------+
; Parameter Name ; Value       ; Type                         ;
+----------------+-------------+------------------------------+
; n              ; 16          ; Signed Integer               ;
; valid_time     ; 35000000 fs ; Physical                     ;
+----------------+-------------+------------------------------+
Note: In order to hide this table in the UI and the text report file, please set the "Show Parameter Settings in Synthesis Report" option in "Analysis and Synthesis Settings -> More Settings" to "Off".


+-----------------------------------------------------+
; Post-Synthesis Netlist Statistics for Top Partition ;
+-----------------------+-----------------------------+
; Type                  ; Count                       ;
+-----------------------+-----------------------------+
; boundary_port         ; 81                          ;
; cycloneiii_ff         ; 4144                        ;
;     CLR               ; 7                           ;
;     ENA               ; 4120                        ;
;     ENA SCLR          ; 16                          ;
;     SLD               ; 1                           ;
; cycloneiii_io_obuf    ; 9                           ;
; cycloneiii_lcell_comb ; 3051                        ;
;     normal            ; 3051                        ;
;         0 data inputs ; 1                           ;
;         2 data inputs ; 27                          ;
;         3 data inputs ; 21                          ;
;         4 data inputs ; 3002                        ;
;                       ;                             ;
; Max LUT depth         ; 8.00                        ;
; Average LUT depth     ; 6.01                        ;
+-----------------------+-----------------------------+


+-------------------------------+
; Elapsed Time Per Partition    ;
+----------------+--------------+
; Partition Name ; Elapsed Time ;
+----------------+--------------+
; Top            ; 00:00:13     ;
+----------------+--------------+


+-------------------------------+
; Analysis & Synthesis Messages ;
+-------------------------------+
Info: *******************************************************************
Info: Running Quartus Prime Analysis & Synthesis
    Info: Version 22.1std.1 Build 917 02/14/2023 SC Lite Edition
    Info: Processing started: Sat Apr  8 20:11:27 2023
Info: Command: quartus_map --read_settings_files=on --write_settings_files=off AvalonMM_hyperRamS27KL0641_interface -c AvalonMM_hyperRamS27KL0641_interface
Warning (18236): Number of processors has not been specified which may cause overloading on shared machines.  Set the global assignment NUM_PARALLEL_PROCESSORS in your QSF to an appropriate value for best performance.
Info (20030): Parallel compilation is enabled and will use 2 of the 2 processors detected
Info (12021): Found 2 design units, including 1 entities, in source file src/ssram32.vhd
    Info (12022): Found design unit 1: ssram32-behavior File: /home/andrea/Documents/Tesi_287628/avs_hbus_interface/src/ssram32.vhd Line: 34
    Info (12023): Found entity 1: ssram32 File: /home/andrea/Documents/Tesi_287628/avs_hbus_interface/src/ssram32.vhd Line: 13
Info (12021): Found 2 design units, including 1 entities, in source file src/AvalonMM_hyperRamS27KLO641_interface_controlUnit.vhd
    Info (12022): Found design unit 1: AvalonMM_hyperRamS27KL0641_interface_controlUnit-fsm File: /home/andrea/Documents/Tesi_287628/avs_hbus_interface/src/AvalonMM_hyperRamS27KLO641_interface_controlUnit.vhd Line: 34
    Info (12023): Found entity 1: AvalonMM_hyperRamS27KL0641_interface_controlUnit File: /home/andrea/Documents/Tesi_287628/avs_hbus_interface/src/AvalonMM_hyperRamS27KLO641_interface_controlUnit.vhd Line: 9
Info (12021): Found 2 design units, including 1 entities, in source file tb/input_output_generator.vhd
    Info (12022): Found design unit 1: input_output_generator-behavior File: /home/andrea/Documents/Tesi_287628/avs_hbus_interface/tb/input_output_generator.vhd Line: 45
    Info (12023): Found entity 1: input_output_generator File: /home/andrea/Documents/Tesi_287628/avs_hbus_interface/tb/input_output_generator.vhd Line: 25
Info (12021): Found 2 design units, including 1 entities, in source file tb/clk_rst_generator.vhd
    Info (12022): Found design unit 1: clk_rst_generator-behavior File: /home/andrea/Documents/Tesi_287628/avs_hbus_interface/tb/clk_rst_generator.vhd Line: 29
    Info (12023): Found entity 1: clk_rst_generator File: /home/andrea/Documents/Tesi_287628/avs_hbus_interface/tb/clk_rst_generator.vhd Line: 14
Info (12021): Found 2 design units, including 1 entities, in source file tb/AvalonMM_hyperRamS27KLO641_interface_testbench.vhd
    Info (12022): Found design unit 1: AvalonMM_hyperRamS27KL0641_interface_testbench-behavior File: /home/andrea/Documents/Tesi_287628/avs_hbus_interface/tb/AvalonMM_hyperRamS27KLO641_interface_testbench.vhd Line: 14
    Info (12023): Found entity 1: AvalonMM_hyperRamS27KL0641_interface_testbench File: /home/andrea/Documents/Tesi_287628/avs_hbus_interface/tb/AvalonMM_hyperRamS27KLO641_interface_testbench.vhd Line: 9
Info (12021): Found 2 design units, including 1 entities, in source file src/reg.vhd
    Info (12022): Found design unit 1: reg-behavior File: /home/andrea/Documents/Tesi_287628/avs_hbus_interface/src/reg.vhd Line: 28
    Info (12023): Found entity 1: reg File: /home/andrea/Documents/Tesi_287628/avs_hbus_interface/src/reg.vhd Line: 11
Info (12021): Found 2 design units, including 1 entities, in source file src/mux_2to1.vhd
    Info (12022): Found design unit 1: mux_2to1-behavior File: /home/andrea/Documents/Tesi_287628/avs_hbus_interface/src/mux_2to1.vhd Line: 29
    Info (12023): Found entity 1: mux_2to1 File: /home/andrea/Documents/Tesi_287628/avs_hbus_interface/src/mux_2to1.vhd Line: 13
Info (12021): Found 2 design units, including 1 entities, in source file src/AvalonMM_hyperRamS27KL0641_interface.vhd
    Info (12022): Found design unit 1: AvalonMM_hyperRamS27KL0641_interface-rtl File: /home/andrea/Documents/Tesi_287628/avs_hbus_interface/src/AvalonMM_hyperRamS27KL0641_interface.vhd Line: 35
    Info (12023): Found entity 1: AvalonMM_hyperRamS27KL0641_interface File: /home/andrea/Documents/Tesi_287628/avs_hbus_interface/src/AvalonMM_hyperRamS27KL0641_interface.vhd Line: 11
Info (12127): Elaborating entity "AvalonMM_hyperRamS27KL0641_interface" for the top level hierarchy
Info (12128): Elaborating entity "AvalonMM_hyperRamS27KL0641_interface_controlUnit" for hierarchy "AvalonMM_hyperRamS27KL0641_interface_controlUnit:cu" File: /home/andrea/Documents/Tesi_287628/avs_hbus_interface/src/AvalonMM_hyperRamS27KL0641_interface.vhd Line: 134
Info (12128): Elaborating entity "reg" for hierarchy "reg:address_register" File: /home/andrea/Documents/Tesi_287628/avs_hbus_interface/src/AvalonMM_hyperRamS27KL0641_interface.vhd Line: 154
Info (12128): Elaborating entity "reg" for hierarchy "reg:data_register" File: /home/andrea/Documents/Tesi_287628/avs_hbus_interface/src/AvalonMM_hyperRamS27KL0641_interface.vhd Line: 169
Info (12128): Elaborating entity "mux_2to1" for hierarchy "mux_2to1:data_mux" File: /home/andrea/Documents/Tesi_287628/avs_hbus_interface/src/AvalonMM_hyperRamS27KL0641_interface.vhd Line: 184
Info (12128): Elaborating entity "ssram32" for hierarchy "ssram32:memory" File: /home/andrea/Documents/Tesi_287628/avs_hbus_interface/src/AvalonMM_hyperRamS27KL0641_interface.vhd Line: 198
Warning (13039): The following bidirectional pins have no drivers
    Warning (13040): bidirectional pin "hbus_d[0]" has no driver File: /home/andrea/Documents/Tesi_287628/avs_hbus_interface/src/AvalonMM_hyperRamS27KL0641_interface.vhd Line: 25
    Warning (13040): bidirectional pin "hbus_d[1]" has no driver File: /home/andrea/Documents/Tesi_287628/avs_hbus_interface/src/AvalonMM_hyperRamS27KL0641_interface.vhd Line: 25
    Warning (13040): bidirectional pin "hbus_d[2]" has no driver File: /home/andrea/Documents/Tesi_287628/avs_hbus_interface/src/AvalonMM_hyperRamS27KL0641_interface.vhd Line: 25
    Warning (13040): bidirectional pin "hbus_d[3]" has no driver File: /home/andrea/Documents/Tesi_287628/avs_hbus_interface/src/AvalonMM_hyperRamS27KL0641_interface.vhd Line: 25
    Warning (13040): bidirectional pin "hbus_d[4]" has no driver File: /home/andrea/Documents/Tesi_287628/avs_hbus_interface/src/AvalonMM_hyperRamS27KL0641_interface.vhd Line: 25
    Warning (13040): bidirectional pin "hbus_d[5]" has no driver File: /home/andrea/Documents/Tesi_287628/avs_hbus_interface/src/AvalonMM_hyperRamS27KL0641_interface.vhd Line: 25
    Warning (13040): bidirectional pin "hbus_d[6]" has no driver File: /home/andrea/Documents/Tesi_287628/avs_hbus_interface/src/AvalonMM_hyperRamS27KL0641_interface.vhd Line: 25
    Warning (13040): bidirectional pin "hbus_d[7]" has no driver File: /home/andrea/Documents/Tesi_287628/avs_hbus_interface/src/AvalonMM_hyperRamS27KL0641_interface.vhd Line: 25
    Warning (13040): bidirectional pin "hbus_rwds" has no driver File: /home/andrea/Documents/Tesi_287628/avs_hbus_interface/src/AvalonMM_hyperRamS27KL0641_interface.vhd Line: 26
Warning (13024): Output pins are stuck at VCC or GND
    Warning (13410): Pin "hbus_cs" is stuck at GND File: /home/andrea/Documents/Tesi_287628/avs_hbus_interface/src/AvalonMM_hyperRamS27KL0641_interface.vhd Line: 27
Info (286030): Timing-Driven Synthesis is running
Info (16010): Generating hard_block partition "hard_block:auto_generated_inst"
    Info (16011): Adding 0 node(s), including 0 DDIO, 0 PLL, 0 transceiver and 0 LCELL
Warning (21074): Design contains 24 input pin(s) that do not drive logic
    Warning (15610): No output dependent on input pin "avs_s0_address[8]" File: /home/andrea/Documents/Tesi_287628/avs_hbus_interface/src/AvalonMM_hyperRamS27KL0641_interface.vhd Line: 15
    Warning (15610): No output dependent on input pin "avs_s0_address[9]" File: /home/andrea/Documents/Tesi_287628/avs_hbus_interface/src/AvalonMM_hyperRamS27KL0641_interface.vhd Line: 15
    Warning (15610): No output dependent on input pin "avs_s0_address[10]" File: /home/andrea/Documents/Tesi_287628/avs_hbus_interface/src/AvalonMM_hyperRamS27KL0641_interface.vhd Line: 15
    Warning (15610): No output dependent on input pin "avs_s0_address[11]" File: /home/andrea/Documents/Tesi_287628/avs_hbus_interface/src/AvalonMM_hyperRamS27KL0641_interface.vhd Line: 15
    Warning (15610): No output dependent on input pin "avs_s0_address[12]" File: /home/andrea/Documents/Tesi_287628/avs_hbus_interface/src/AvalonMM_hyperRamS27KL0641_interface.vhd Line: 15
    Warning (15610): No output dependent on input pin "avs_s0_address[13]" File: /home/andrea/Documents/Tesi_287628/avs_hbus_interface/src/AvalonMM_hyperRamS27KL0641_interface.vhd Line: 15
    Warning (15610): No output dependent on input pin "avs_s0_address[14]" File: /home/andrea/Documents/Tesi_287628/avs_hbus_interface/src/AvalonMM_hyperRamS27KL0641_interface.vhd Line: 15
    Warning (15610): No output dependent on input pin "avs_s0_address[15]" File: /home/andrea/Documents/Tesi_287628/avs_hbus_interface/src/AvalonMM_hyperRamS27KL0641_interface.vhd Line: 15
    Warning (15610): No output dependent on input pin "avs_s0_address[16]" File: /home/andrea/Documents/Tesi_287628/avs_hbus_interface/src/AvalonMM_hyperRamS27KL0641_interface.vhd Line: 15
    Warning (15610): No output dependent on input pin "avs_s0_address[17]" File: /home/andrea/Documents/Tesi_287628/avs_hbus_interface/src/AvalonMM_hyperRamS27KL0641_interface.vhd Line: 15
    Warning (15610): No output dependent on input pin "avs_s0_address[18]" File: /home/andrea/Documents/Tesi_287628/avs_hbus_interface/src/AvalonMM_hyperRamS27KL0641_interface.vhd Line: 15
    Warning (15610): No output dependent on input pin "avs_s0_address[19]" File: /home/andrea/Documents/Tesi_287628/avs_hbus_interface/src/AvalonMM_hyperRamS27KL0641_interface.vhd Line: 15
    Warning (15610): No output dependent on input pin "avs_s0_address[20]" File: /home/andrea/Documents/Tesi_287628/avs_hbus_interface/src/AvalonMM_hyperRamS27KL0641_interface.vhd Line: 15
    Warning (15610): No output dependent on input pin "avs_s0_address[21]" File: /home/andrea/Documents/Tesi_287628/avs_hbus_interface/src/AvalonMM_hyperRamS27KL0641_interface.vhd Line: 15
    Warning (15610): No output dependent on input pin "avs_s0_address[22]" File: /home/andrea/Documents/Tesi_287628/avs_hbus_interface/src/AvalonMM_hyperRamS27KL0641_interface.vhd Line: 15
    Warning (15610): No output dependent on input pin "avs_s0_address[23]" File: /home/andrea/Documents/Tesi_287628/avs_hbus_interface/src/AvalonMM_hyperRamS27KL0641_interface.vhd Line: 15
    Warning (15610): No output dependent on input pin "avs_s0_address[24]" File: /home/andrea/Documents/Tesi_287628/avs_hbus_interface/src/AvalonMM_hyperRamS27KL0641_interface.vhd Line: 15
    Warning (15610): No output dependent on input pin "avs_s0_address[25]" File: /home/andrea/Documents/Tesi_287628/avs_hbus_interface/src/AvalonMM_hyperRamS27KL0641_interface.vhd Line: 15
    Warning (15610): No output dependent on input pin "avs_s0_address[26]" File: /home/andrea/Documents/Tesi_287628/avs_hbus_interface/src/AvalonMM_hyperRamS27KL0641_interface.vhd Line: 15
    Warning (15610): No output dependent on input pin "avs_s0_address[27]" File: /home/andrea/Documents/Tesi_287628/avs_hbus_interface/src/AvalonMM_hyperRamS27KL0641_interface.vhd Line: 15
    Warning (15610): No output dependent on input pin "avs_s0_address[28]" File: /home/andrea/Documents/Tesi_287628/avs_hbus_interface/src/AvalonMM_hyperRamS27KL0641_interface.vhd Line: 15
    Warning (15610): No output dependent on input pin "avs_s0_address[29]" File: /home/andrea/Documents/Tesi_287628/avs_hbus_interface/src/AvalonMM_hyperRamS27KL0641_interface.vhd Line: 15
    Warning (15610): No output dependent on input pin "avs_s0_address[30]" File: /home/andrea/Documents/Tesi_287628/avs_hbus_interface/src/AvalonMM_hyperRamS27KL0641_interface.vhd Line: 15
    Warning (15610): No output dependent on input pin "avs_s0_address[31]" File: /home/andrea/Documents/Tesi_287628/avs_hbus_interface/src/AvalonMM_hyperRamS27KL0641_interface.vhd Line: 15
Info (21057): Implemented 7229 device resources after synthesis - the final resource count might be different
    Info (21058): Implemented 52 input pins
    Info (21059): Implemented 20 output pins
    Info (21060): Implemented 9 bidirectional pins
    Info (21061): Implemented 7148 logic cells
Info: Quartus Prime Analysis & Synthesis was successful. 0 errors, 38 warnings
    Info: Peak virtual memory: 478 megabytes
    Info: Processing ended: Sat Apr  8 20:11:53 2023
    Info: Elapsed time: 00:00:26
    Info: Total CPU time (on all processors): 00:00:41


